{
  "RSpec": {
    "coverage": {
      "/home/amura/Documents/ShopReg/ShopReg/spec/controller/customer_spec.rb": [
        1,
        1,
        1,
        1,
        1,
        1,
        1,
        null,
        null,
        null,
        1,
        1,
        1,
        null,
        null,
        1,
        1,
        null,
        null,
        null,
        1,
        1,
        1,
        null,
        null,
        1,
        1,
        null,
        null,
        null,
        null,
        1,
        1,
        1,
        null,
        null,
        1,
        1,
        null,
        null,
        null,
        1,
        1,
        1,
        1,
        null,
        null,
        null,
        1,
        1,
        1,
        null,
        null,
        1,
        1,
        null,
        null,
        null
      ],
      "/home/amura/Documents/ShopReg/ShopReg/spec/rails_helper.rb": [
        null,
        1,
        1,
        1,
        1,
        null,
        null,
        null,
        null,
        null,
        null,
        null,
        null,
        1,
        null,
        null,
        null,
        1,
        null,
        1,
        null,
        1,
        null,
        null,
        null,
        null,
        1,
        null,
        null,
        null,
        null,
        null,
        null,
        null,
        null,
        null,
        null,
        null,
        null,
        null,
        null,
        1,
        null
      ],
      "/home/amura/Documents/ShopReg/ShopReg/config/environment.rb": [
        null,
        1,
        null,
        null,
        1
      ],
      "/home/amura/Documents/ShopReg/ShopReg/config/application.rb": [
        1,
        null,
        1,
        null,
        null,
        null,
        1,
        null,
        1,
        1,
        null,
        1,
        null,
        null,
        null,
        null,
        null,
        null
      ],
      "/home/amura/Documents/ShopReg/ShopReg/config/boot.rb": [
        1,
        null,
        1
      ],
      "/home/amura/Documents/ShopReg/ShopReg/config/environments/test.rb": [
        1,
        null,
        null,
        null,
        null,
        null,
        null,
        1,
        null,
        null,
        null,
        null,
        1,
        null,
        null,
        1,
        1,
        null,
        null,
        null,
        null,
        1,
        1,
        null,
        null,
        1,
        null,
        null,
        1,
        1,
        null,
        null,
        null,
        null,
        1,
        null,
        null,
        1,
        null,
        null,
        null,
        null
      ],
      "/home/amura/Documents/ShopReg/ShopReg/config/initializers/application_controller_renderer.rb": [
        null,
        null,
        null,
        null,
        null,
        null
      ],
      "/home/amura/Documents/ShopReg/ShopReg/config/initializers/assets.rb": [
        null,
        null,
        null,
        1,
        null,
        null,
        null,
        null,
        1,
        null,
        null,
        null,
        null,
        null
      ],
      "/home/amura/Documents/ShopReg/ShopReg/config/initializers/backtrace_silencers.rb": [
        null,
        null,
        null,
        null,
        null,
        null,
        null
      ],
      "/home/amura/Documents/ShopReg/ShopReg/config/initializers/cookies_serializer.rb": [
        null,
        null,
        null,
        null,
        1
      ],
      "/home/amura/Documents/ShopReg/ShopReg/config/initializers/filter_parameter_logging.rb": [
        null,
        null,
        null,
        1
      ],
      "/home/amura/Documents/ShopReg/ShopReg/config/initializers/inflections.rb": [
        null,
        null,
        null,
        null,
        null,
        null,
        null,
        null,
        null,
        null,
        null,
        null,
        null,
        null,
        null,
        null
      ],
      "/home/amura/Documents/ShopReg/ShopReg/config/initializers/mime_types.rb": [
        null,
        null,
        null,
        null
      ],
      "/home/amura/Documents/ShopReg/ShopReg/config/initializers/wrap_parameters.rb": [
        null,
        null,
        null,
        null,
        null,
        null,
        1,
        2,
        null,
        null,
        null,
        null,
        null,
        null
      ],
      "/home/amura/Documents/ShopReg/ShopReg/config/routes.rb": [
        1,
        1,
        1,
        1,
        1,
        1,
        1,
        1,
        1,
        1,
        1,
        1,
        1,
        1,
        1,
        1,
        1,
        1,
        1,
        1,
        1,
        1,
        null,
        null,
        null
      ],
      "/home/amura/Documents/ShopReg/ShopReg/app/helpers/application_helper.rb": [
        1,
        null,
        null
      ],
      "/home/amura/Documents/ShopReg/ShopReg/app/helpers/customer_helper.rb": [
        1,
        null
      ],
      "/home/amura/Documents/ShopReg/ShopReg/app/helpers/moderators_helper.rb": [
        1,
        null
      ],
      "/home/amura/Documents/ShopReg/ShopReg/app/helpers/sales_helper.rb": [
        1,
        null
      ],
      "/home/amura/Documents/ShopReg/ShopReg/app/helpers/superadmin_helper.rb": [
        1,
        null
      ],
      "/home/amura/Documents/ShopReg/ShopReg/app/helpers/superadmins_helper.rb": [
        1,
        null
      ],
      "/home/amura/Documents/ShopReg/ShopReg/app/controllers/customers_controller.rb": [
        1,
        1,
        null,
        1,
        1,
        null,
        null,
        1,
        1,
        1,
        1,
        null,
        null,
        1,
        1,
        1,
        1,
        1,
        1,
        1,
        1,
        1,
        null,
        1,
        null,
        null,
        1,
        1,
        1,
        1,
        1,
        1,
        1,
        1,
        1,
        1,
        1,
        null,
        null,
        1,
        null,
        2,
        1,
        1,
        1,
        1,
        1,
        0,
        null,
        null,
        1,
        1,
        1,
        1,
        1,
        null,
        1,
        1,
        1,
        1,
        null,
        1,
        1,
        1,
        1,
        null,
        null,
        null,
        null
      ],
      "/home/amura/Documents/ShopReg/ShopReg/app/controllers/application_controller.rb": [
        1,
        1,
        null
      ],
      "/home/amura/Documents/ShopReg/ShopReg/spec/controller/moderators_spec.rb": [
        1,
        1,
        1,
        1,
        1,
        1,
        null,
        null,
        null,
        1,
        1,
        1,
        null,
        null,
        1,
        1,
        null,
        null,
        null,
        1,
        2,
        1,
        1,
        null,
        null,
        null,
        1,
        2,
        1,
        1,
        null,
        null,
        null,
        1,
        2,
        1,
        1,
        null,
        null,
        null,
        1,
        2,
        1,
        1,
        null,
        null,
        null,
        null
      ],
      "/home/amura/Documents/ShopReg/ShopReg/app/controllers/moderators_controller.rb": [
        1,
        1,
        null,
        null,
        1,
        null,
        null,
        1,
        1,
        1,
        null,
        1,
        1,
        1,
        3,
        2,
        null,
        null,
        null,
        null,
        null,
        1,
        null,
        1,
        1,
        null,
        1,
        null,
        1,
        null,
        1,
        null,
        1,
        null,
        1,
        null,
        null,
        null,
        1,
        null,
        1,
        null,
        null,
        null,
        1,
        null,
        1,
        1,
        null,
        1,
        null,
        1,
        null,
        1,
        null,
        1,
        null,
        null,
        null,
        1,
        1,
        1,
        null,
        1,
        1,
        1,
        1,
        null,
        1,
        1,
        1,
        null,
        null
      ],
      "/home/amura/Documents/ShopReg/ShopReg/spec/controller/sales_spec.rb": [
        1,
        1,
        1,
        1,
        1,
        1,
        null,
        null,
        null,
        1,
        1,
        1,
        null,
        null,
        1,
        1,
        null,
        null,
        null,
        1,
        1,
        1,
        null,
        null,
        1,
        1,
        null,
        null,
        null,
        null,
        1,
        1,
        1,
        1,
        null,
        null,
        null,
        null,
        1,
        1,
        1,
        1,
        null,
        null,
        null,
        1,
        1,
        1,
        null,
        null,
        1,
        1,
        null,
        null,
        null,
        null,
        1,
        2,
        1,
        1,
        null,
        null,
        null
      ],
      "/home/amura/Documents/ShopReg/ShopReg/app/controllers/sales_controller.rb": [
        1,
        1,
        null,
        null,
        null,
        null,
        1,
        2,
        1,
        1,
        1,
        1,
        1,
        1,
        1,
        1,
        1,
        1,
        null,
        2,
        1,
        1,
        1,
        null,
        1,
        1,
        1,
        null,
        1,
        1,
        1,
        null,
        null,
        null,
        null,
        null,
        1,
        1,
        1,
        1,
        null,
        null,
        1,
        1,
        1,
        1,
        1,
        1,
        null,
        null,
        1,
        1,
        null,
        null,
        1,
        2,
        1,
        1,
        1,
        1,
        1,
        1,
        1,
        1,
        1,
        1,
        null,
        null,
        null,
        2,
        1,
        1,
        1,
        1,
        null,
        1,
        1,
        1,
        null,
        1,
        1,
        1,
        1,
        1,
        null,
        1,
        null,
        null,
        null,
        1,
        1,
        1,
        null,
        null
      ],
      "/home/amura/Documents/ShopReg/ShopReg/spec/controller/superadmin_spec.rb": [
        1,
        1,
        1,
        1,
        1,
        1,
        null,
        null,
        null,
        1,
        1,
        1,
        null,
        null,
        1,
        1,
        null,
        null,
        null,
        1,
        1,
        1,
        null,
        null,
        1,
        1,
        null,
        null,
        null
      ],
      "/home/amura/Documents/ShopReg/ShopReg/app/controllers/superadmins_controller.rb": [
        1,
        1,
        null,
        null,
        1,
        null,
        null,
        1,
        1,
        null,
        1,
        1,
        1,
        1,
        null,
        null,
        null,
        1,
        null,
        1,
        null,
        1,
        null,
        1,
        null,
        null,
        null,
        null,
        1,
        null,
        1,
        null,
        1,
        null,
        1,
        1,
        null,
        null,
        null,
        null,
        null,
        1,
        1,
        null,
        null
      ],
      "/home/amura/Documents/ShopReg/ShopReg/spec/model/area_spec.rb": [
        1,
        1,
        1,
        1,
        4,
        null,
        1,
        2,
        2,
        null,
        1,
        2,
        null,
        1,
        null,
        1,
        4,
        null,
        1,
        1,
        1,
        null,
        null,
        null
      ],
      "/home/amura/Documents/ShopReg/ShopReg/app/models/area.rb": [
        1,
        null,
        null,
        1,
        1,
        1,
        null
      ],
      "/home/amura/Documents/ShopReg/ShopReg/app/models/application_record.rb": [
        1,
        1,
        null
      ],
      "/home/amura/Documents/ShopReg/ShopReg/spec/model/category_spec.rb": [
        1,
        1,
        1,
        1,
        7,
        null,
        1,
        2,
        2,
        2,
        null,
        1,
        2,
        2,
        null,
        1,
        null,
        1,
        7,
        null,
        1,
        1,
        1,
        null,
        1,
        1,
        1,
        null,
        null,
        null
      ],
      "/home/amura/Documents/ShopReg/ShopReg/app/models/category.rb": [
        1,
        null,
        null,
        1,
        1,
        1,
        null,
        1,
        1,
        null
      ],
      "/home/amura/Documents/ShopReg/ShopReg/spec/model/city_spec.rb": [
        1,
        1,
        1,
        1,
        4,
        null,
        1,
        2,
        2,
        null,
        1,
        2,
        null,
        1,
        null,
        1,
        4,
        null,
        1,
        1,
        1,
        null,
        null,
        null
      ],
      "/home/amura/Documents/ShopReg/ShopReg/app/models/city.rb": [
        1,
        null,
        1,
        null,
        1,
        null,
        1,
        null
      ],
      "/home/amura/Documents/ShopReg/ShopReg/spec/model/moderator_spec.rb": [
        1,
        1,
        1,
        1,
        6,
        null,
        1,
        2,
        2,
        null,
        1,
        2,
        2,
        2,
        2,
        null,
        null,
        1,
        1,
        4,
        null,
        1,
        1,
        1,
        null,
        1,
        1,
        1,
        null,
        1,
        1,
        1,
        null,
        1,
        1,
        1,
        null,
        null,
        null
      ],
      "/home/amura/Documents/ShopReg/ShopReg/app/models/moderator.rb": [
        1,
        1,
        null,
        1,
        null,
        null,
        1,
        null,
        null,
        1,
        null,
        null,
        1,
        null,
        null,
        1,
        null,
        null,
        1,
        null,
        1,
        1,
        2,
        2,
        2,
        2,
        null,
        null
      ],
      "/home/amura/Documents/ShopReg/ShopReg/spec/model/review_spec.rb": [
        1,
        1,
        1,
        1,
        5,
        null,
        1,
        2,
        2,
        2,
        null,
        1,
        2,
        null,
        1,
        null,
        1,
        5,
        null,
        1,
        1,
        1,
        null,
        null,
        null
      ],
      "/home/amura/Documents/ShopReg/ShopReg/app/models/review.rb": [
        1,
        null,
        null,
        null,
        1,
        null,
        1,
        null,
        1,
        null,
        1,
        null
      ],
      "/home/amura/Documents/ShopReg/ShopReg/spec/model/sale_spec.rb": [
        1,
        1,
        1,
        1,
        10,
        null,
        1,
        2,
        2,
        null,
        1,
        2,
        2,
        2,
        2,
        null,
        1,
        null,
        1,
        10,
        null,
        1,
        1,
        1,
        null,
        1,
        1,
        1,
        null,
        1,
        1,
        1,
        null,
        1,
        1,
        1,
        null,
        null,
        null
      ],
      "/home/amura/Documents/ShopReg/ShopReg/app/models/sale.rb": [
        1,
        null,
        1,
        null,
        null,
        null,
        null,
        null,
        1,
        null,
        null,
        1,
        null,
        null,
        1,
        null,
        null,
        1,
        null,
        null,
        1,
        null,
        null,
        1,
        null,
        null
      ],
      "/home/amura/Documents/ShopReg/ShopReg/spec/model/shop_spec.rb": [
        1,
        1,
        1,
        1,
        6,
        null,
        1,
        2,
        2,
        2,
        2,
        null,
        1,
        2,
        null,
        1,
        null,
        1,
        6,
        null,
        1,
        1,
        1,
        null,
        null,
        null
      ],
      "/home/amura/Documents/ShopReg/ShopReg/app/models/shop.rb": [
        1,
        null,
        null,
        1,
        1,
        1,
        1,
        null,
        1,
        null,
        null,
        1,
        null,
        null
      ],
      "/home/amura/Documents/ShopReg/ShopReg/spec/model/superadmin_spec.rb": [
        1,
        1,
        1,
        1,
        9,
        null,
        1,
        2,
        null,
        1,
        2,
        2,
        2,
        2,
        null,
        1,
        null,
        1,
        9,
        null,
        1,
        1,
        1,
        null,
        1,
        1,
        1,
        null,
        1,
        1,
        1,
        null,
        1,
        1,
        1,
        null,
        null,
        null
      ],
      "/home/amura/Documents/ShopReg/ShopReg/app/models/superadmin.rb": [
        1,
        null,
        1,
        null,
        1,
        null,
        null,
        1,
        null,
        null,
        1,
        null,
        null,
        1,
        null,
        null,
        1,
        null,
        1,
        null,
        1,
        null,
        null,
        null,
        null,
        null
      ]
    },
    "timestamp": 1504708763
  }
}
